<?xml version="1.0" encoding="UTF-8"?>
<testsuite name="com.board.springboot.jpa.web.IndexControllerTest" tests="1" skipped="0" failures="0" errors="0" timestamp="2020-08-24T06:11:54" hostname="DESKTOP-9OHG41R" time="0.258">
  <properties/>
  <testcase name="mainPage_loading" classname="com.board.springboot.jpa.web.IndexControllerTest" time="0.258"/>
  <system-out><![CDATA[2020-08-24 15:11:50.902  INFO 18420 --- [    Test worker] .b.t.c.SpringBootTestContextBootstrapper : Neither @ContextConfiguration nor @ContextHierarchy found for test class [com.board.springboot.jpa.web.IndexControllerTest], using SpringBootContextLoader
2020-08-24 15:11:50.903  INFO 18420 --- [    Test worker] o.s.t.c.support.AbstractContextLoader    : Could not detect default resource locations for test class [com.board.springboot.jpa.web.IndexControllerTest]: no resource found for suffixes {-context.xml, Context.groovy}.
2020-08-24 15:11:50.904  INFO 18420 --- [    Test worker] t.c.s.AnnotationConfigContextLoaderUtils : Could not detect default configuration classes for test class [com.board.springboot.jpa.web.IndexControllerTest]: IndexControllerTest does not declare any static, non-private, non-final, nested classes annotated with @Configuration.
2020-08-24 15:11:50.905  INFO 18420 --- [    Test worker] .b.t.c.SpringBootTestContextBootstrapper : Found @SpringBootConfiguration com.board.springboot.Jpa.Application for test class com.board.springboot.jpa.web.IndexControllerTest
2020-08-24 15:11:50.907  INFO 18420 --- [    Test worker] .b.t.c.SpringBootTestContextBootstrapper : Loaded default TestExecutionListener class names from location [META-INF/spring.factories]: [org.springframework.security.test.context.support.WithSecurityContextTestExecutionListener, org.springframework.security.test.context.support.ReactorContextTestExecutionListener, org.springframework.boot.test.autoconfigure.restdocs.RestDocsTestExecutionListener, org.springframework.boot.test.autoconfigure.web.client.MockRestServiceServerResetTestExecutionListener, org.springframework.boot.test.autoconfigure.web.servlet.MockMvcPrintOnlyOnFailureTestExecutionListener, org.springframework.boot.test.autoconfigure.web.servlet.WebDriverTestExecutionListener, org.springframework.boot.test.mock.mockito.MockitoTestExecutionListener, org.springframework.boot.test.mock.mockito.ResetMocksTestExecutionListener, org.springframework.test.context.web.ServletTestExecutionListener, org.springframework.test.context.support.DirtiesContextBeforeModesTestExecutionListener, org.springframework.test.context.support.DependencyInjectionTestExecutionListener, org.springframework.test.context.support.DirtiesContextTestExecutionListener, org.springframework.test.context.transaction.TransactionalTestExecutionListener, org.springframework.test.context.jdbc.SqlScriptsTestExecutionListener]
2020-08-24 15:11:50.908  INFO 18420 --- [    Test worker] .b.t.c.SpringBootTestContextBootstrapper : Using TestExecutionListeners: [org.springframework.test.context.web.ServletTestExecutionListener@2e7cbb46, org.springframework.test.context.support.DirtiesContextBeforeModesTestExecutionListener@2b0123ca, org.springframework.boot.test.mock.mockito.MockitoTestExecutionListener@5a1da32d, org.springframework.boot.test.autoconfigure.SpringBootDependencyInjectionTestExecutionListener@310e7ed1, org.springframework.test.context.support.DirtiesContextTestExecutionListener@7a63553d, org.springframework.test.context.transaction.TransactionalTestExecutionListener@58de26c8, org.springframework.test.context.jdbc.SqlScriptsTestExecutionListener@6f6de235, org.springframework.security.test.context.support.WithSecurityContextTestExecutionListener@2dd7f1ff, org.springframework.security.test.context.support.ReactorContextTestExecutionListener@4dfd93c5, org.springframework.boot.test.autoconfigure.restdocs.RestDocsTestExecutionListener@64bc14d4, org.springframework.boot.test.autoconfigure.web.client.MockRestServiceServerResetTestExecutionListener@64403e3c, org.springframework.boot.test.autoconfigure.web.servlet.MockMvcPrintOnlyOnFailureTestExecutionListener@760a6342, org.springframework.boot.test.autoconfigure.web.servlet.WebDriverTestExecutionListener@57c8b5fd, org.springframework.boot.test.mock.mockito.ResetMocksTestExecutionListener@53d60164]

  .   ____          _            __ _ _
 /\\ / ___'_ __ _ _(_)_ __  __ _ \ \ \ \
( ( )\___ | '_ | '_| | '_ \/ _` | \ \ \ \
 \\/  ___)| |_)| | | | | || (_| |  ) ) ) )
  '  |____| .__|_| |_|_| |_\__, | / / / /
 =========|_|==============|___/=/_/_/_/
 :: Spring Boot ::        (v2.1.9.RELEASE)

2020-08-24 15:11:50.955  INFO 18420 --- [    Test worker] c.b.s.jpa.web.IndexControllerTest        : Starting IndexControllerTest on DESKTOP-9OHG41R with PID 18420 (started by hsrmm in C:\study\JPAboard)
2020-08-24 15:11:50.955  INFO 18420 --- [    Test worker] c.b.s.jpa.web.IndexControllerTest        : No active profile set, falling back to default profiles: default
2020-08-24 15:11:51.282  INFO 18420 --- [    Test worker] .s.d.r.c.RepositoryConfigurationDelegate : Bootstrapping Spring Data repositories in DEFAULT mode.
2020-08-24 15:11:51.320  INFO 18420 --- [    Test worker] .s.d.r.c.RepositoryConfigurationDelegate : Finished Spring Data repository scanning in 38ms. Found 2 repository interfaces.
2020-08-24 15:11:51.463  INFO 18420 --- [    Test worker] trationDelegate$BeanPostProcessorChecker : Bean 'org.springframework.transaction.annotation.ProxyTransactionManagementConfiguration' of type [org.springframework.transaction.annotation.ProxyTransactionManagementConfiguration$$EnhancerBySpringCGLIB$$8375c9e5] is not eligible for getting processed by all BeanPostProcessors (for example: not eligible for auto-proxying)
2020-08-24 15:11:51.912  INFO 18420 --- [    Test worker] o.s.b.w.embedded.tomcat.TomcatWebServer  : Tomcat initialized with port(s): 0 (http)
2020-08-24 15:11:51.955  INFO 18420 --- [    Test worker] o.apache.catalina.core.StandardService   : Starting service [Tomcat]
2020-08-24 15:11:51.955  INFO 18420 --- [    Test worker] org.apache.catalina.core.StandardEngine  : Starting Servlet engine: [Apache Tomcat/9.0.26]
2020-08-24 15:11:52.165  INFO 18420 --- [    Test worker] o.a.c.c.C.[Tomcat].[localhost].[/]       : Initializing Spring embedded WebApplicationContext
2020-08-24 15:11:52.166  INFO 18420 --- [    Test worker] o.s.web.context.ContextLoader            : Root WebApplicationContext: initialization completed in 1202 ms
2020-08-24 15:11:52.459  INFO 18420 --- [    Test worker] com.zaxxer.hikari.HikariDataSource       : HikariPool-2 - Starting...
2020-08-24 15:11:52.460  INFO 18420 --- [    Test worker] com.zaxxer.hikari.HikariDataSource       : HikariPool-2 - Start completed.
2020-08-24 15:11:52.509  INFO 18420 --- [    Test worker] o.hibernate.jpa.internal.util.LogHelper  : HHH000204: Processing PersistenceUnitInfo [
	name: default
	...]
2020-08-24 15:11:52.528  INFO 18420 --- [    Test worker] org.hibernate.dialect.Dialect            : HHH000400: Using dialect: org.hibernate.dialect.MySQL5InnoDBDialect
Hibernate: drop table if exists posts
Hibernate: drop table if exists user
Hibernate: create table posts (id bigint not null auto_increment, created_date datetime, modified_date datetime, author varchar(255), content TEXT not null, title varchar(500) not null, primary key (id)) engine=InnoDB
Hibernate: create table user (id bigint not null auto_increment, created_date datetime, modified_date datetime, email varchar(255) not null, name varchar(255) not null, picture varchar(255), role varchar(255) not null, primary key (id)) engine=InnoDB
2020-08-24 15:11:52.620  INFO 18420 --- [    Test worker] o.h.t.schema.internal.SchemaCreatorImpl  : HHH000476: Executing import script 'org.hibernate.tool.schema.internal.exec.ScriptSourceInputNonExistentImpl@30cde3c7'
2020-08-24 15:11:52.620  INFO 18420 --- [    Test worker] j.LocalContainerEntityManagerFactoryBean : Initialized JPA EntityManagerFactory for persistence unit 'default'
2020-08-24 15:11:53.087  INFO 18420 --- [    Test worker] o.h.h.i.QueryTranslatorFactoryInitiator  : HHH000397: Using ASTQueryTranslatorFactory
2020-08-24 15:11:53.337  INFO 18420 --- [    Test worker] o.s.s.web.DefaultSecurityFilterChain     : Creating filter chain: any request, [org.springframework.security.web.context.request.async.WebAsyncManagerIntegrationFilter@7fa98732, org.springframework.security.web.context.SecurityContextPersistenceFilter@7905d4e5, org.springframework.security.web.header.HeaderWriterFilter@61f2c62b, org.springframework.security.web.authentication.logout.LogoutFilter@4f1cb77e, org.springframework.security.oauth2.client.web.OAuth2AuthorizationRequestRedirectFilter@63820ea9, org.springframework.security.oauth2.client.web.OAuth2LoginAuthenticationFilter@73470817, org.springframework.security.web.authentication.ui.DefaultLoginPageGeneratingFilter@18e9ea7a, org.springframework.security.web.authentication.ui.DefaultLogoutPageGeneratingFilter@5eea2c46, org.springframework.security.web.savedrequest.RequestCacheAwareFilter@756d856e, org.springframework.security.web.servletapi.SecurityContextHolderAwareRequestFilter@2d9c676, org.springframework.security.web.authentication.AnonymousAuthenticationFilter@2dee9674, org.springframework.security.web.session.SessionManagementFilter@7e5c9ec1, org.springframework.security.web.access.ExceptionTranslationFilter@2d743211, org.springframework.security.web.access.intercept.FilterSecurityInterceptor@694eed7]
2020-08-24 15:11:53.652  INFO 18420 --- [    Test worker] o.s.s.concurrent.ThreadPoolTaskExecutor  : Initializing ExecutorService 'applicationTaskExecutor'
2020-08-24 15:11:53.680  WARN 18420 --- [    Test worker] aWebConfiguration$JpaWebMvcConfiguration : spring.jpa.open-in-view is enabled by default. Therefore, database queries may be performed during view rendering. Explicitly configure spring.jpa.open-in-view to disable this warning
2020-08-24 15:11:53.717  INFO 18420 --- [    Test worker] o.s.b.a.w.s.WelcomePageHandlerMapping    : Adding welcome page template: index
2020-08-24 15:11:54.193  INFO 18420 --- [    Test worker] s.a.ScheduledAnnotationBeanPostProcessor : No TaskScheduler/ScheduledExecutorService bean found for scheduled processing
2020-08-24 15:11:54.215  INFO 18420 --- [    Test worker] o.s.b.w.embedded.tomcat.TomcatWebServer  : Tomcat started on port(s): 53207 (http) with context path ''
2020-08-24 15:11:54.222  INFO 18420 --- [    Test worker] c.b.s.jpa.web.IndexControllerTest        : Started IndexControllerTest in 3.311 seconds (JVM running for 17.457)
2020-08-24 15:11:54.362  INFO 18420 --- [o-auto-1-exec-1] o.a.c.c.C.[Tomcat].[localhost].[/]       : Initializing Spring DispatcherServlet 'dispatcherServlet'
2020-08-24 15:11:54.362  INFO 18420 --- [o-auto-1-exec-1] o.s.web.servlet.DispatcherServlet        : Initializing Servlet 'dispatcherServlet'
2020-08-24 15:11:54.392  INFO 18420 --- [o-auto-1-exec-1] o.s.web.servlet.DispatcherServlet        : Completed initialization in 30 ms
Hibernate: select posts0_.id as id1_0_, posts0_.created_date as created_2_0_, posts0_.modified_date as modified3_0_, posts0_.author as author4_0_, posts0_.content as content5_0_, posts0_.title as title6_0_ from posts posts0_ order by posts0_.id DESC
]]></system-out>
  <system-err><![CDATA[]]></system-err>
</testsuite>
