<?xml version="1.0" encoding="UTF-8"?>
<testsuite name="com.board.springboot.jpa.web.IndexControllerTest" tests="1" skipped="0" failures="0" errors="0" timestamp="2020-08-03T04:55:54" hostname="DESKTOP-9OHG41R" time="0.322">
  <properties/>
  <testcase name="mainPage_loading" classname="com.board.springboot.jpa.web.IndexControllerTest" time="0.322"/>
  <system-out><![CDATA[2020-08-03 13:55:50.430  INFO 9680 --- [    Test worker] .b.t.c.SpringBootTestContextBootstrapper : Neither @ContextConfiguration nor @ContextHierarchy found for test class [com.board.springboot.jpa.web.IndexControllerTest], using SpringBootContextLoader
2020-08-03 13:55:50.431  INFO 9680 --- [    Test worker] o.s.t.c.support.AbstractContextLoader    : Could not detect default resource locations for test class [com.board.springboot.jpa.web.IndexControllerTest]: no resource found for suffixes {-context.xml, Context.groovy}.
2020-08-03 13:55:50.432  INFO 9680 --- [    Test worker] t.c.s.AnnotationConfigContextLoaderUtils : Could not detect default configuration classes for test class [com.board.springboot.jpa.web.IndexControllerTest]: IndexControllerTest does not declare any static, non-private, non-final, nested classes annotated with @Configuration.
2020-08-03 13:55:50.434  INFO 9680 --- [    Test worker] .b.t.c.SpringBootTestContextBootstrapper : Found @SpringBootConfiguration com.board.springboot.Jpa.Application for test class com.board.springboot.jpa.web.IndexControllerTest
2020-08-03 13:55:50.436  INFO 9680 --- [    Test worker] .b.t.c.SpringBootTestContextBootstrapper : Loaded default TestExecutionListener class names from location [META-INF/spring.factories]: [org.springframework.security.test.context.support.WithSecurityContextTestExecutionListener, org.springframework.security.test.context.support.ReactorContextTestExecutionListener, org.springframework.boot.test.autoconfigure.restdocs.RestDocsTestExecutionListener, org.springframework.boot.test.autoconfigure.web.client.MockRestServiceServerResetTestExecutionListener, org.springframework.boot.test.autoconfigure.web.servlet.MockMvcPrintOnlyOnFailureTestExecutionListener, org.springframework.boot.test.autoconfigure.web.servlet.WebDriverTestExecutionListener, org.springframework.boot.test.mock.mockito.MockitoTestExecutionListener, org.springframework.boot.test.mock.mockito.ResetMocksTestExecutionListener, org.springframework.test.context.web.ServletTestExecutionListener, org.springframework.test.context.support.DirtiesContextBeforeModesTestExecutionListener, org.springframework.test.context.support.DependencyInjectionTestExecutionListener, org.springframework.test.context.support.DirtiesContextTestExecutionListener, org.springframework.test.context.transaction.TransactionalTestExecutionListener, org.springframework.test.context.jdbc.SqlScriptsTestExecutionListener]
2020-08-03 13:55:50.438  INFO 9680 --- [    Test worker] .b.t.c.SpringBootTestContextBootstrapper : Using TestExecutionListeners: [org.springframework.test.context.web.ServletTestExecutionListener@3c2983dd, org.springframework.test.context.support.DirtiesContextBeforeModesTestExecutionListener@419221d2, org.springframework.boot.test.mock.mockito.MockitoTestExecutionListener@42162a8a, org.springframework.boot.test.autoconfigure.SpringBootDependencyInjectionTestExecutionListener@f263786, org.springframework.test.context.support.DirtiesContextTestExecutionListener@7fe16ad4, org.springframework.test.context.transaction.TransactionalTestExecutionListener@2fad584b, org.springframework.test.context.jdbc.SqlScriptsTestExecutionListener@5c1c654e, org.springframework.security.test.context.support.WithSecurityContextTestExecutionListener@62b8e34c, org.springframework.security.test.context.support.ReactorContextTestExecutionListener@16fb8205, org.springframework.boot.test.autoconfigure.restdocs.RestDocsTestExecutionListener@53d1ef91, org.springframework.boot.test.autoconfigure.web.client.MockRestServiceServerResetTestExecutionListener@6cd8c6b0, org.springframework.boot.test.autoconfigure.web.servlet.MockMvcPrintOnlyOnFailureTestExecutionListener@495feae4, org.springframework.boot.test.autoconfigure.web.servlet.WebDriverTestExecutionListener@37ea260, org.springframework.boot.test.mock.mockito.ResetMocksTestExecutionListener@5f0f78f9]

  .   ____          _            __ _ _
 /\\ / ___'_ __ _ _(_)_ __  __ _ \ \ \ \
( ( )\___ | '_ | '_| | '_ \/ _` | \ \ \ \
 \\/  ___)| |_)| | | | | || (_| |  ) ) ) )
  '  |____| .__|_| |_|_| |_\__, | / / / /
 =========|_|==============|___/=/_/_/_/
 :: Spring Boot ::        (v2.1.9.RELEASE)

2020-08-03 13:55:50.509  INFO 9680 --- [    Test worker] c.b.s.jpa.web.IndexControllerTest        : Starting IndexControllerTest on DESKTOP-9OHG41R with PID 9680 (started by hsrmm in C:\study\JPAboard)
2020-08-03 13:55:50.509  INFO 9680 --- [    Test worker] c.b.s.jpa.web.IndexControllerTest        : No active profile set, falling back to default profiles: default
2020-08-03 13:55:50.876  INFO 9680 --- [    Test worker] .s.d.r.c.RepositoryConfigurationDelegate : Bootstrapping Spring Data repositories in DEFAULT mode.
2020-08-03 13:55:50.923  INFO 9680 --- [    Test worker] .s.d.r.c.RepositoryConfigurationDelegate : Finished Spring Data repository scanning in 47ms. Found 2 repository interfaces.
2020-08-03 13:55:51.101  INFO 9680 --- [    Test worker] trationDelegate$BeanPostProcessorChecker : Bean 'org.springframework.transaction.annotation.ProxyTransactionManagementConfiguration' of type [org.springframework.transaction.annotation.ProxyTransactionManagementConfiguration$$EnhancerBySpringCGLIB$$74419c1d] is not eligible for getting processed by all BeanPostProcessors (for example: not eligible for auto-proxying)
2020-08-03 13:55:51.533  INFO 9680 --- [    Test worker] o.s.b.w.embedded.tomcat.TomcatWebServer  : Tomcat initialized with port(s): 0 (http)
2020-08-03 13:55:51.584  INFO 9680 --- [    Test worker] o.apache.catalina.core.StandardService   : Starting service [Tomcat]
2020-08-03 13:55:51.585  INFO 9680 --- [    Test worker] org.apache.catalina.core.StandardEngine  : Starting Servlet engine: [Apache Tomcat/9.0.26]
2020-08-03 13:55:51.867  INFO 9680 --- [    Test worker] o.a.c.c.C.[Tomcat].[localhost].[/]       : Initializing Spring embedded WebApplicationContext
2020-08-03 13:55:51.868  INFO 9680 --- [    Test worker] o.s.web.context.ContextLoader            : Root WebApplicationContext: initialization completed in 1355 ms
2020-08-03 13:55:52.206  INFO 9680 --- [    Test worker] com.zaxxer.hikari.HikariDataSource       : HikariPool-2 - Starting...
2020-08-03 13:55:52.207  INFO 9680 --- [    Test worker] com.zaxxer.hikari.HikariDataSource       : HikariPool-2 - Start completed.
2020-08-03 13:55:52.296  INFO 9680 --- [    Test worker] o.hibernate.jpa.internal.util.LogHelper  : HHH000204: Processing PersistenceUnitInfo [
	name: default
	...]
2020-08-03 13:55:52.321  INFO 9680 --- [    Test worker] org.hibernate.dialect.Dialect            : HHH000400: Using dialect: org.hibernate.dialect.MySQL5InnoDBDialect
Hibernate: drop table if exists posts
Hibernate: drop table if exists user
Hibernate: create table posts (id bigint not null auto_increment, created_date datetime, modified_date datetime, author varchar(255), content TEXT not null, title varchar(500) not null, primary key (id)) engine=InnoDB
Hibernate: create table user (id bigint not null auto_increment, created_date datetime, modified_date datetime, email varchar(255) not null, name varchar(255) not null, picture varchar(255), role varchar(255) not null, primary key (id)) engine=InnoDB
2020-08-03 13:55:52.435  INFO 9680 --- [    Test worker] o.h.t.schema.internal.SchemaCreatorImpl  : HHH000476: Executing import script 'org.hibernate.tool.schema.internal.exec.ScriptSourceInputNonExistentImpl@3c5659bd'
2020-08-03 13:55:52.436  INFO 9680 --- [    Test worker] j.LocalContainerEntityManagerFactoryBean : Initialized JPA EntityManagerFactory for persistence unit 'default'
2020-08-03 13:55:53.016  INFO 9680 --- [    Test worker] o.h.h.i.QueryTranslatorFactoryInitiator  : HHH000397: Using ASTQueryTranslatorFactory
2020-08-03 13:55:53.291  INFO 9680 --- [    Test worker] o.s.s.web.DefaultSecurityFilterChain     : Creating filter chain: any request, [org.springframework.security.web.context.request.async.WebAsyncManagerIntegrationFilter@bdb185a, org.springframework.security.web.context.SecurityContextPersistenceFilter@3cc057f8, org.springframework.security.web.header.HeaderWriterFilter@e0bc25c, org.springframework.security.web.authentication.logout.LogoutFilter@21066d5d, org.springframework.security.oauth2.client.web.OAuth2AuthorizationRequestRedirectFilter@442699b3, org.springframework.security.oauth2.client.web.OAuth2LoginAuthenticationFilter@5ddd801c, org.springframework.security.web.authentication.ui.DefaultLoginPageGeneratingFilter@1f4786da, org.springframework.security.web.authentication.ui.DefaultLogoutPageGeneratingFilter@41558203, org.springframework.security.web.savedrequest.RequestCacheAwareFilter@5ff1d76d, org.springframework.security.web.servletapi.SecurityContextHolderAwareRequestFilter@f38e7ed, org.springframework.security.web.authentication.AnonymousAuthenticationFilter@314e709b, org.springframework.security.web.session.SessionManagementFilter@3fd5e74f, org.springframework.security.web.access.ExceptionTranslationFilter@3fc15d8, org.springframework.security.web.access.intercept.FilterSecurityInterceptor@13fb37fd]
2020-08-03 13:55:53.645  INFO 9680 --- [    Test worker] o.s.s.concurrent.ThreadPoolTaskExecutor  : Initializing ExecutorService 'applicationTaskExecutor'
2020-08-03 13:55:53.664  WARN 9680 --- [    Test worker] aWebConfiguration$JpaWebMvcConfiguration : spring.jpa.open-in-view is enabled by default. Therefore, database queries may be performed during view rendering. Explicitly configure spring.jpa.open-in-view to disable this warning
2020-08-03 13:55:53.710  INFO 9680 --- [    Test worker] o.s.b.a.w.s.WelcomePageHandlerMapping    : Adding welcome page template: index
2020-08-03 13:55:54.236  INFO 9680 --- [    Test worker] s.a.ScheduledAnnotationBeanPostProcessor : No TaskScheduler/ScheduledExecutorService bean found for scheduled processing
2020-08-03 13:55:54.264  INFO 9680 --- [    Test worker] o.s.b.w.embedded.tomcat.TomcatWebServer  : Tomcat started on port(s): 57255 (http) with context path ''
2020-08-03 13:55:54.265  INFO 9680 --- [    Test worker] c.b.s.jpa.web.IndexControllerTest        : Started IndexControllerTest in 3.824 seconds (JVM running for 18.423)
2020-08-03 13:55:54.423  INFO 9680 --- [o-auto-1-exec-1] o.a.c.c.C.[Tomcat].[localhost].[/]       : Initializing Spring DispatcherServlet 'dispatcherServlet'
2020-08-03 13:55:54.424  INFO 9680 --- [o-auto-1-exec-1] o.s.web.servlet.DispatcherServlet        : Initializing Servlet 'dispatcherServlet'
2020-08-03 13:55:54.458  INFO 9680 --- [o-auto-1-exec-1] o.s.web.servlet.DispatcherServlet        : Completed initialization in 34 ms
Hibernate: select posts0_.id as id1_0_, posts0_.created_date as created_2_0_, posts0_.modified_date as modified3_0_, posts0_.author as author4_0_, posts0_.content as content5_0_, posts0_.title as title6_0_ from posts posts0_ order by posts0_.id DESC
]]></system-out>
  <system-err><![CDATA[]]></system-err>
</testsuite>
